{"container":"back-traefik-fb4be846d537fd79d4ff4de13b4d97ede3e8e7eadf4d5839217a8750aa4f4489","level":"error","msg":"service \"back\" error: unable to find the IP address for the container \"/back\": the server is ignored","providerName":"docker","time":"2021-01-20T04:21:42Z"}
{"container":"back-traefik-fb4be846d537fd79d4ff4de13b4d97ede3e8e7eadf4d5839217a8750aa4f4489","level":"error","msg":"service \"back\" error: unable to find the IP address for the container \"/back\": the server is ignored","providerName":"docker","time":"2021-01-20T04:21:44Z"}
{"container":"back-traefik-fb4be846d537fd79d4ff4de13b4d97ede3e8e7eadf4d5839217a8750aa4f4489","level":"error","msg":"service \"back\" error: unable to find the IP address for the container \"/back\": the server is ignored","providerName":"docker","time":"2021-01-20T04:21:47Z"}
{"container":"back-traefik-fb4be846d537fd79d4ff4de13b4d97ede3e8e7eadf4d5839217a8750aa4f4489","level":"error","msg":"service \"back\" error: unable to find the IP address for the container \"/back\": the server is ignored","providerName":"docker","time":"2021-01-20T04:21:49Z"}
{"container":"back-traefik-fb4be846d537fd79d4ff4de13b4d97ede3e8e7eadf4d5839217a8750aa4f4489","level":"error","msg":"service \"back\" error: unable to find the IP address for the container \"/back\": the server is ignored","providerName":"docker","time":"2021-01-20T04:21:52Z"}
{"container":"back-traefik-fb4be846d537fd79d4ff4de13b4d97ede3e8e7eadf4d5839217a8750aa4f4489","level":"error","msg":"service \"back\" error: unable to find the IP address for the container \"/back\": the server is ignored","providerName":"docker","time":"2021-01-20T04:21:55Z"}
{"container":"back-traefik-fb4be846d537fd79d4ff4de13b4d97ede3e8e7eadf4d5839217a8750aa4f4489","level":"error","msg":"service \"back\" error: unable to find the IP address for the container \"/back\": the server is ignored","providerName":"docker","time":"2021-01-20T04:22:01Z"}
{"container":"back-traefik-fb4be846d537fd79d4ff4de13b4d97ede3e8e7eadf4d5839217a8750aa4f4489","level":"error","msg":"service \"back\" error: unable to find the IP address for the container \"/back\": the server is ignored","providerName":"docker","time":"2021-01-20T04:22:09Z"}
{"container":"back-traefik-fb4be846d537fd79d4ff4de13b4d97ede3e8e7eadf4d5839217a8750aa4f4489","level":"error","msg":"service \"back\" error: unable to find the IP address for the container \"/back\": the server is ignored","providerName":"docker","time":"2021-01-20T04:22:23Z"}
{"container":"back-traefik-fb4be846d537fd79d4ff4de13b4d97ede3e8e7eadf4d5839217a8750aa4f4489","level":"error","msg":"service \"back\" error: unable to find the IP address for the container \"/back\": the server is ignored","providerName":"docker","time":"2021-01-20T04:22:51Z"}
{"container":"back-traefik-fb4be846d537fd79d4ff4de13b4d97ede3e8e7eadf4d5839217a8750aa4f4489","level":"error","msg":"service \"back\" error: unable to find the IP address for the container \"/back\": the server is ignored","providerName":"docker","time":"2021-01-20T04:23:44Z"}
{"container":"back-traefik-fb4be846d537fd79d4ff4de13b4d97ede3e8e7eadf4d5839217a8750aa4f4489","level":"error","msg":"service \"back\" error: unable to find the IP address for the container \"/back\": the server is ignored","providerName":"docker","time":"2021-01-20T04:24:46Z"}
{"container":"back-traefik-fb4be846d537fd79d4ff4de13b4d97ede3e8e7eadf4d5839217a8750aa4f4489","level":"error","msg":"service \"back\" error: unable to find the IP address for the container \"/back\": the server is ignored","providerName":"docker","time":"2021-01-20T04:25:47Z"}
{"container":"back-traefik-fb4be846d537fd79d4ff4de13b4d97ede3e8e7eadf4d5839217a8750aa4f4489","level":"error","msg":"service \"back\" error: unable to find the IP address for the container \"/back\": the server is ignored","providerName":"docker","time":"2021-01-20T04:26:49Z"}
{"entryPointName":"web","level":"error","msg":"accept tcp [::]:80: use of closed network connection","time":"2021-01-20T04:27:23Z"}
{"entryPointName":"web","level":"error","msg":"close tcp [::]:80: use of closed network connection","time":"2021-01-20T04:27:23Z"}
{"entryPointName":"websecure","level":"error","msg":"accept tcp [::]:443: use of closed network connection","time":"2021-01-20T04:27:23Z"}
{"entryPointName":"websecure","level":"error","msg":"close tcp [::]:443: use of closed network connection","time":"2021-01-20T04:27:23Z"}
{"entryPointName":"traefik","level":"error","msg":"accept tcp [::]:8080: use of closed network connection","time":"2021-01-20T04:27:23Z"}
{"entryPointName":"traefik","level":"error","msg":"close tcp [::]:8080: use of closed network connection","time":"2021-01-20T04:27:23Z"}
{"level":"error","msg":"Cannot connect to docker server context canceled","providerName":"docker","time":"2021-01-20T04:27:23Z"}
{"container":"back-traefik-ed313e501e4ec260eaffb3677ecb4c854e43f4614e3c11d80e12f8ddfef23baa","level":"error","msg":"service \"back\" error: unable to find the IP address for the container \"/back\": the server is ignored","providerName":"docker","time":"2021-01-20T04:27:33Z"}
{"container":"back-traefik-ed313e501e4ec260eaffb3677ecb4c854e43f4614e3c11d80e12f8ddfef23baa","level":"error","msg":"service \"back\" error: unable to find the IP address for the container \"/back\": the server is ignored","providerName":"docker","time":"2021-01-20T04:27:35Z"}
{"container":"back-traefik-ed313e501e4ec260eaffb3677ecb4c854e43f4614e3c11d80e12f8ddfef23baa","level":"error","msg":"service \"back\" error: unable to find the IP address for the container \"/back\": the server is ignored","providerName":"docker","time":"2021-01-20T04:27:37Z"}
{"container":"back-traefik-ed313e501e4ec260eaffb3677ecb4c854e43f4614e3c11d80e12f8ddfef23baa","level":"error","msg":"service \"back\" error: unable to find the IP address for the container \"/back\": the server is ignored","providerName":"docker","time":"2021-01-20T04:27:39Z"}
{"container":"back-traefik-ed313e501e4ec260eaffb3677ecb4c854e43f4614e3c11d80e12f8ddfef23baa","level":"error","msg":"service \"back\" error: unable to find the IP address for the container \"/back\": the server is ignored","providerName":"docker","time":"2021-01-20T04:27:42Z"}
{"container":"back-traefik-ed313e501e4ec260eaffb3677ecb4c854e43f4614e3c11d80e12f8ddfef23baa","level":"error","msg":"service \"back\" error: unable to find the IP address for the container \"/back\": the server is ignored","providerName":"docker","time":"2021-01-20T04:27:46Z"}
{"container":"back-traefik-ed313e501e4ec260eaffb3677ecb4c854e43f4614e3c11d80e12f8ddfef23baa","level":"error","msg":"service \"back\" error: unable to find the IP address for the container \"/back\": the server is ignored","providerName":"docker","time":"2021-01-20T04:27:51Z"}
{"container":"back-traefik-ed313e501e4ec260eaffb3677ecb4c854e43f4614e3c11d80e12f8ddfef23baa","level":"error","msg":"service \"back\" error: unable to find the IP address for the container \"/back\": the server is ignored","providerName":"docker","time":"2021-01-20T04:27:59Z"}
{"container":"back-traefik-ed313e501e4ec260eaffb3677ecb4c854e43f4614e3c11d80e12f8ddfef23baa","level":"error","msg":"service \"back\" error: unable to find the IP address for the container \"/back\": the server is ignored","providerName":"docker","time":"2021-01-20T04:28:13Z"}
